{"C:\\Users\\Utkarsh Barnwal\\Sheriyans\\Backend\\shopping\\auth\\src\\app.js": {"path":"C:\\Users\\Utkarsh Barnwal\\Sheriyans\\Backend\\shopping\\auth\\src\\app.js","statementMap":{"0":{"start":{"line":1,"column":0},"end":{"line":1,"column":27}},"1":{"start":{"line":2,"column":16},"end":{"line":2,"column":34}},"2":{"start":{"line":3,"column":12},"end":{"line":3,"column":21}},"3":{"start":{"line":4,"column":21},"end":{"line":4,"column":45}},"4":{"start":{"line":5,"column":19},"end":{"line":5,"column":50}},"5":{"start":{"line":7,"column":0},"end":{"line":7,"column":24}},"6":{"start":{"line":8,"column":0},"end":{"line":8,"column":24}},"7":{"start":{"line":11,"column":0},"end":{"line":11,"column":33}},"8":{"start":{"line":13,"column":0},"end":{"line":13,"column":21}}},"fnMap":{},"branchMap":{},"s":{"0":2,"1":2,"2":2,"3":2,"4":2,"5":2,"6":2,"7":2,"8":2},"f":{},"b":{},"_coverageSchema":"1a1c01bbd47fc00a2c39e90264f33305004495a9","hash":"5b95518826a858683f17d2a017141837fd0dfd75"}
,"C:\\Users\\Utkarsh Barnwal\\Sheriyans\\Backend\\shopping\\auth\\src\\controllers\\auth.controller.js": {"path":"C:\\Users\\Utkarsh Barnwal\\Sheriyans\\Backend\\shopping\\auth\\src\\controllers\\auth.controller.js","statementMap":{"0":{"start":{"line":1,"column":18},"end":{"line":1,"column":50}},"1":{"start":{"line":2,"column":15},"end":{"line":2,"column":34}},"2":{"start":{"line":3,"column":12},"end":{"line":3,"column":35}},"3":{"start":{"line":6,"column":2},"end":{"line":62,"column":3}},"4":{"start":{"line":12,"column":8},"end":{"line":12,"column":16}},"5":{"start":{"line":14,"column":25},"end":{"line":16,"column":6}},"6":{"start":{"line":17,"column":4},"end":{"line":21,"column":5}},"7":{"start":{"line":18,"column":6},"end":{"line":20,"column":63}},"8":{"start":{"line":23,"column":27},"end":{"line":23,"column":58}},"9":{"start":{"line":24,"column":20},"end":{"line":29,"column":6}},"10":{"start":{"line":31,"column":18},"end":{"line":40,"column":5}},"11":{"start":{"line":42,"column":4},"end":{"line":46,"column":7}},"12":{"start":{"line":48,"column":25},"end":{"line":54,"column":5}},"13":{"start":{"line":56,"column":4},"end":{"line":58,"column":77}},"14":{"start":{"line":60,"column":4},"end":{"line":60,"column":48}},"15":{"start":{"line":61,"column":4},"end":{"line":61,"column":63}},"16":{"start":{"line":66,"column":2},"end":{"line":99,"column":3}},"17":{"start":{"line":67,"column":35},"end":{"line":67,"column":43}},"18":{"start":{"line":69,"column":17},"end":{"line":71,"column":6}},"19":{"start":{"line":72,"column":4},"end":{"line":74,"column":5}},"20":{"start":{"line":73,"column":6},"end":{"line":73,"column":70}},"21":{"start":{"line":76,"column":18},"end":{"line":76,"column":63}},"22":{"start":{"line":77,"column":4},"end":{"line":77,"column":80}},"23":{"start":{"line":77,"column":16},"end":{"line":77,"column":80}},"24":{"start":{"line":79,"column":18},"end":{"line":83,"column":5}},"25":{"start":{"line":84,"column":4},"end":{"line":88,"column":7}},"26":{"start":{"line":90,"column":4},"end":{"line":95,"column":9}},"27":{"start":{"line":97,"column":4},"end":{"line":97,"column":39}},"28":{"start":{"line":98,"column":4},"end":{"line":98,"column":63}},"29":{"start":{"line":102,"column":0},"end":{"line":102,"column":57}}},"fnMap":{"0":{"name":"registerController","decl":{"start":{"line":5,"column":15},"end":{"line":5,"column":33}},"loc":{"start":{"line":5,"column":44},"end":{"line":63,"column":1}},"line":5},"1":{"name":"loginController","decl":{"start":{"line":65,"column":15},"end":{"line":65,"column":30}},"loc":{"start":{"line":65,"column":41},"end":{"line":100,"column":1}},"line":65}},"branchMap":{"0":{"loc":{"start":{"line":17,"column":4},"end":{"line":21,"column":5}},"type":"if","locations":[{"start":{"line":17,"column":4},"end":{"line":21,"column":5}},{"start":{},"end":{}}],"line":17},"1":{"loc":{"start":{"line":36,"column":14},"end":{"line":36,"column":36}},"type":"binary-expr","locations":[{"start":{"line":36,"column":14},"end":{"line":36,"column":26}},{"start":{"line":36,"column":30},"end":{"line":36,"column":36}}],"line":36},"2":{"loc":{"start":{"line":53,"column":12},"end":{"line":53,"column":34}},"type":"binary-expr","locations":[{"start":{"line":53,"column":12},"end":{"line":53,"column":24}},{"start":{"line":53,"column":28},"end":{"line":53,"column":34}}],"line":53},"3":{"loc":{"start":{"line":72,"column":4},"end":{"line":74,"column":5}},"type":"if","locations":[{"start":{"line":72,"column":4},"end":{"line":74,"column":5}},{"start":{},"end":{}}],"line":72},"4":{"loc":{"start":{"line":77,"column":4},"end":{"line":77,"column":80}},"type":"if","locations":[{"start":{"line":77,"column":4},"end":{"line":77,"column":80}},{"start":{},"end":{}}],"line":77}},"s":{"0":2,"1":2,"2":2,"3":3,"4":3,"5":3,"6":3,"7":0,"8":3,"9":3,"10":3,"11":3,"12":3,"13":3,"14":0,"15":0,"16":3,"17":3,"18":3,"19":3,"20":2,"21":1,"22":0,"23":0,"24":0,"25":0,"26":0,"27":1,"28":1,"29":2},"f":{"0":3,"1":3},"b":{"0":[0,3],"1":[3,0],"2":[3,0],"3":[2,1],"4":[0,0]},"_coverageSchema":"1a1c01bbd47fc00a2c39e90264f33305004495a9","hash":"d320be8745e4c8c974c2262fdd8d440d191250a2"}
,"C:\\Users\\Utkarsh Barnwal\\Sheriyans\\Backend\\shopping\\auth\\src\\db\\db.js": {"path":"C:\\Users\\Utkarsh Barnwal\\Sheriyans\\Backend\\shopping\\auth\\src\\db\\db.js","statementMap":{"0":{"start":{"line":1,"column":17},"end":{"line":1,"column":36}},"1":{"start":{"line":4,"column":20},"end":{"line":18,"column":1}},"2":{"start":{"line":5,"column":4},"end":{"line":17,"column":5}},"3":{"start":{"line":6,"column":8},"end":{"line":13,"column":6}},"4":{"start":{"line":8,"column":8},"end":{"line":8,"column":42}},"5":{"start":{"line":11,"column":8},"end":{"line":11,"column":48}},"6":{"start":{"line":15,"column":8},"end":{"line":15,"column":34}},"7":{"start":{"line":20,"column":0},"end":{"line":20,"column":29}}},"fnMap":{"0":{"name":"(anonymous_0)","decl":{"start":{"line":4,"column":20},"end":{"line":4,"column":21}},"loc":{"start":{"line":4,"column":26},"end":{"line":18,"column":1}},"line":4},"1":{"name":"(anonymous_1)","decl":{"start":{"line":7,"column":10},"end":{"line":7,"column":11}},"loc":{"start":{"line":7,"column":14},"end":{"line":10,"column":5}},"line":7},"2":{"name":"(anonymous_2)","decl":{"start":{"line":10,"column":13},"end":{"line":10,"column":14}},"loc":{"start":{"line":10,"column":20},"end":{"line":13,"column":5}},"line":10}},"branchMap":{},"s":{"0":0,"1":0,"2":0,"3":0,"4":0,"5":0,"6":0,"7":0},"f":{"0":0,"1":0,"2":0},"b":{}}
,"C:\\Users\\Utkarsh Barnwal\\Sheriyans\\Backend\\shopping\\auth\\src\\middlewares\\validator.middleware.js": {"path":"C:\\Users\\Utkarsh Barnwal\\Sheriyans\\Backend\\shopping\\auth\\src\\middlewares\\validator.middleware.js","statementMap":{"0":{"start":{"line":1,"column":18},"end":{"line":1,"column":36}},"1":{"start":{"line":2,"column":35},"end":{"line":2,"column":63}},"2":{"start":{"line":3,"column":32},"end":{"line":8,"column":1}},"3":{"start":{"line":4,"column":19},"end":{"line":4,"column":40}},"4":{"start":{"line":5,"column":4},"end":{"line":6,"column":63}},"5":{"start":{"line":6,"column":8},"end":{"line":6,"column":63}},"6":{"start":{"line":7,"column":4},"end":{"line":7,"column":11}},"7":{"start":{"line":10,"column":32},"end":{"line":31,"column":1}},"8":{"start":{"line":33,"column":0},"end":{"line":33,"column":41}}},"fnMap":{"0":{"name":"(anonymous_0)","decl":{"start":{"line":3,"column":32},"end":{"line":3,"column":33}},"loc":{"start":{"line":3,"column":50},"end":{"line":8,"column":1}},"line":3}},"branchMap":{"0":{"loc":{"start":{"line":5,"column":4},"end":{"line":6,"column":63}},"type":"if","locations":[{"start":{"line":5,"column":4},"end":{"line":6,"column":63}},{"start":{},"end":{}}],"line":5}},"s":{"0":2,"1":2,"2":2,"3":3,"4":3,"5":0,"6":3,"7":2,"8":2},"f":{"0":3},"b":{"0":[0,3]},"_coverageSchema":"1a1c01bbd47fc00a2c39e90264f33305004495a9","hash":"886939c8c4665f7107928ca5195eb7440148a426"}
,"C:\\Users\\Utkarsh Barnwal\\Sheriyans\\Backend\\shopping\\auth\\src\\models\\user.models.js": {"path":"C:\\Users\\Utkarsh Barnwal\\Sheriyans\\Backend\\shopping\\auth\\src\\models\\user.models.js","statementMap":{"0":{"start":{"line":1,"column":17},"end":{"line":1,"column":36}},"1":{"start":{"line":2,"column":22},"end":{"line":8,"column":2}},"2":{"start":{"line":9,"column":19},"end":{"line":37,"column":2}},"3":{"start":{"line":39,"column":18},"end":{"line":39,"column":52}},"4":{"start":{"line":41,"column":0},"end":{"line":41,"column":27}}},"fnMap":{},"branchMap":{},"s":{"0":2,"1":2,"2":2,"3":2,"4":2},"f":{},"b":{},"_coverageSchema":"1a1c01bbd47fc00a2c39e90264f33305004495a9","hash":"0ea4bf579cd745b7a5c58de910f3bf42bdaebded"}
,"C:\\Users\\Utkarsh Barnwal\\Sheriyans\\Backend\\shopping\\auth\\src\\routes\\auth.routes.js": {"path":"C:\\Users\\Utkarsh Barnwal\\Sheriyans\\Backend\\shopping\\auth\\src\\routes\\auth.routes.js","statementMap":{"0":{"start":{"line":1,"column":16},"end":{"line":1,"column":34}},"1":{"start":{"line":2,"column":32},"end":{"line":2,"column":78}},"2":{"start":{"line":3,"column":48},"end":{"line":3,"column":89}},"3":{"start":{"line":4,"column":15},"end":{"line":4,"column":31}},"4":{"start":{"line":6,"column":0},"end":{"line":6,"column":70}},"5":{"start":{"line":7,"column":0},"end":{"line":7,"column":39}},"6":{"start":{"line":9,"column":0},"end":{"line":9,"column":23}}},"fnMap":{},"branchMap":{},"s":{"0":2,"1":2,"2":2,"3":2,"4":2,"5":2,"6":2},"f":{},"b":{},"_coverageSchema":"1a1c01bbd47fc00a2c39e90264f33305004495a9","hash":"7cdcd5a8bf50202625e6a47b8644db6a92773b57"}
}
