TN:
SF:src\app.js
FNF:0
FNH:0
DA:1,2
DA:2,2
DA:3,2
DA:4,2
DA:5,2
DA:7,2
DA:8,2
DA:11,2
DA:13,2
LF:9
LH:9
BRF:0
BRH:0
end_of_record
TN:
SF:src\controllers\auth.controller.js
FN:5,registerController
FN:65,loginController
FNF:2
FNH:2
FNDA:3,registerController
FNDA:3,loginController
DA:1,2
DA:2,2
DA:3,2
DA:6,3
DA:12,3
DA:14,3
DA:17,3
DA:18,0
DA:23,3
DA:24,3
DA:31,3
DA:42,3
DA:48,3
DA:56,3
DA:60,0
DA:61,0
DA:66,3
DA:67,3
DA:69,3
DA:72,3
DA:73,2
DA:76,1
DA:77,0
DA:79,0
DA:84,0
DA:90,0
DA:97,1
DA:98,1
DA:102,2
LF:29
LH:22
BRDA:17,0,0,0
BRDA:17,0,1,3
BRDA:36,1,0,3
BRDA:36,1,1,0
BRDA:53,2,0,3
BRDA:53,2,1,0
BRDA:72,3,0,2
BRDA:72,3,1,1
BRDA:77,4,0,0
BRDA:77,4,1,0
BRF:10
BRH:5
end_of_record
TN:
SF:src\db\db.js
FN:4,(anonymous_0)
FN:7,(anonymous_1)
FN:10,(anonymous_2)
FNF:3
FNH:0
FNDA:0,(anonymous_0)
FNDA:0,(anonymous_1)
FNDA:0,(anonymous_2)
DA:1,0
DA:4,0
DA:5,0
DA:6,0
DA:8,0
DA:11,0
DA:15,0
DA:20,0
LF:8
LH:0
BRF:0
BRH:0
end_of_record
TN:
SF:src\middlewares\validator.middleware.js
FN:3,(anonymous_0)
FNF:1
FNH:1
FNDA:3,(anonymous_0)
DA:1,2
DA:2,2
DA:3,2
DA:4,3
DA:5,3
DA:6,0
DA:7,3
DA:10,2
DA:33,2
LF:9
LH:8
BRDA:5,0,0,0
BRDA:5,0,1,3
BRF:2
BRH:1
end_of_record
TN:
SF:src\models\user.models.js
FNF:0
FNH:0
DA:1,2
DA:2,2
DA:9,2
DA:39,2
DA:41,2
LF:5
LH:5
BRF:0
BRH:0
end_of_record
TN:
SF:src\routes\auth.routes.js
FNF:0
FNH:0
DA:1,2
DA:2,2
DA:3,2
DA:4,2
DA:6,2
DA:7,2
DA:9,2
LF:7
LH:7
BRF:0
BRH:0
end_of_record
